<?xml version="1.0" encoding="UTF-8"?>
<testng-results ignored="0" total="1" passed="0" failed="1" skipped="0">
  <reporter-output>
  </reporter-output>
  <suite started-at="2024-10-07T08:58:34 IST" name="Default suite" finished-at="2024-10-07T08:58:44 IST" duration-ms="9825">
    <groups>
    </groups>
    <test started-at="2024-10-07T08:58:34 IST" name="Default test" finished-at="2024-10-07T08:58:44 IST" duration-ms="9825">
      <class name="com.shivprasadpatil.AppiumFrameworkDeisgin.eCommerce_tc_4">
        <test-method is-config="true" signature="ConfigureAppium()[pri:0, instance:com.shivprasadpatil.AppiumFrameworkDeisgin.eCommerce_tc_4@6989da5e]" started-at="2024-10-07T08:58:34 IST" name="ConfigureAppium" finished-at="2024-10-07T08:58:44 IST" duration-ms="9661" status="PASS">
          <reporter-output>
          </reporter-output>
        </test-method> <!-- ConfigureAppium -->
        <test-method signature="FillForm()[pri:0, instance:com.shivprasadpatil.AppiumFrameworkDeisgin.eCommerce_tc_4@6989da5e]" started-at="2024-10-07T08:58:44 IST" name="FillForm" finished-at="2024-10-07T08:58:44 IST" duration-ms="30" status="FAIL">
          <exception class="java.lang.NullPointerException">
            <message>
              <![CDATA[The provided search context cannot be null]]>
            </message>
            <full-stacktrace>
              <![CDATA[java.lang.NullPointerException: The provided search context cannot be null
at com.google.common.base.Preconditions.checkNotNull(Preconditions.java:922)
at io.appium.java_client.pagefactory.AppiumFieldDecorator.requireWebDriverReference(AppiumFieldDecorator.java:129)
at io.appium.java_client.pagefactory.AppiumFieldDecorator.<init>(AppiumFieldDecorator.java:86)
at io.appium.java_client.pagefactory.AppiumFieldDecorator.<init>(AppiumFieldDecorator.java:100)
at com.shivprasadpatil.PageObject.android.FormPage.<init>(FormPage.java:26)
at com.shivprasadpatil.AppiumFrameworkDeisgin.eCommerce_tc_4.FillForm(eCommerce_tc_4.java:27)
at java.base/jdk.internal.reflect.DirectMethodHandleAccessor.invoke(DirectMethodHandleAccessor.java:104)
at java.base/java.lang.reflect.Method.invoke(Method.java:578)
at org.testng.internal.invokers.MethodInvocationHelper.invokeMethod(MethodInvocationHelper.java:141)
at org.testng.internal.invokers.TestInvoker.invokeMethod(TestInvoker.java:686)
at org.testng.internal.invokers.TestInvoker.invokeTestMethod(TestInvoker.java:230)
at org.testng.internal.invokers.MethodRunner.runInSequence(MethodRunner.java:63)
at org.testng.internal.invokers.TestInvoker$MethodInvocationAgent.invoke(TestInvoker.java:992)
at org.testng.internal.invokers.TestInvoker.invokeTestMethods(TestInvoker.java:203)
at org.testng.internal.invokers.TestMethodWorker.invokeTestMethods(TestMethodWorker.java:154)
at org.testng.internal.invokers.TestMethodWorker.run(TestMethodWorker.java:134)
at java.base/java.util.ArrayList.forEach(ArrayList.java:1511)
at org.testng.TestRunner.privateRun(TestRunner.java:739)
at org.testng.TestRunner.run(TestRunner.java:614)
at org.testng.SuiteRunner.runTest(SuiteRunner.java:421)
at org.testng.SuiteRunner.runSequentially(SuiteRunner.java:413)
at org.testng.SuiteRunner.privateRun(SuiteRunner.java:373)
at org.testng.SuiteRunner.run(SuiteRunner.java:312)
at org.testng.SuiteRunnerWorker.runSuite(SuiteRunnerWorker.java:52)
at org.testng.SuiteRunnerWorker.run(SuiteRunnerWorker.java:95)
at org.testng.TestNG.runSuitesSequentially(TestNG.java:1274)
at org.testng.TestNG.runSuitesLocally(TestNG.java:1208)
at org.testng.TestNG.runSuites(TestNG.java:1112)
at org.testng.TestNG.run(TestNG.java:1079)
at org.testng.remote.AbstractRemoteTestNG.run(AbstractRemoteTestNG.java:115)
at org.testng.remote.RemoteTestNG.initAndRun(RemoteTestNG.java:293)
at org.testng.remote.RemoteTestNG.main(RemoteTestNG.java:91)
]]>
            </full-stacktrace>
          </exception> <!-- java.lang.NullPointerException -->
          <reporter-output>
          </reporter-output>
        </test-method> <!-- FillForm -->
        <test-method is-config="true" signature="tearDown()[pri:0, instance:com.shivprasadpatil.AppiumFrameworkDeisgin.eCommerce_tc_4@6989da5e]" started-at="2024-10-07T08:58:44 IST" name="tearDown" finished-at="2024-10-07T08:58:44 IST" duration-ms="1" status="PASS">
          <reporter-output>
          </reporter-output>
        </test-method> <!-- tearDown -->
      </class> <!-- com.shivprasadpatil.AppiumFrameworkDeisgin.eCommerce_tc_4 -->
    </test> <!-- Default test -->
  </suite> <!-- Default suite -->
</testng-results>
